E:\MYMAZE\DEBUG\MYMAZE.EXE
E:\MYMAZE\DEBUG\MYMAZE.ILK
E:\MYMAZE\DEBUG\MYMAZE.PDB
E:\MyMaze\MyMaze\Debug\cl.command.1.tlog
E:\MyMaze\MyMaze\Debug\CL.read.1.tlog
E:\MyMaze\MyMaze\Debug\CL.write.1.tlog
E:\MyMaze\MyMaze\Debug\link.command.1.tlog
E:\MyMaze\MyMaze\Debug\link.read.1.tlog
E:\MyMaze\MyMaze\Debug\link.write.1.tlog
E:\MyMaze\MyMaze\Debug\link-cvtres.read.1.tlog
E:\MyMaze\MyMaze\Debug\link-cvtres.write.1.tlog
E:\MYMAZE\MYMAZE\DEBUG\MAZE.OBJ
E:\MyMaze\MyMaze\Debug\mt.command.1.tlog
E:\MyMaze\MyMaze\Debug\mt.read.1.tlog
E:\MyMaze\MyMaze\Debug\mt.write.1.tlog
E:\MYMAZE\MYMAZE\DEBUG\MYMAZE.EXE.EMBED.MANIFEST
E:\MYMAZE\MYMAZE\DEBUG\MYMAZE.EXE.EMBED.MANIFEST.RES
E:\MYMAZE\MYMAZE\DEBUG\MYMAZE.EXE.INTERMEDIATE.MANIFEST
E:\MyMaze\MyMaze\Debug\MyMaze_manifest.rc
E:\MyMaze\MyMaze\Debug\rc.command.1.tlog
E:\MyMaze\MyMaze\Debug\rc.read.1.tlog
E:\MyMaze\MyMaze\Debug\rc.write.1.tlog
E:\MYMAZE\MYMAZE\DEBUG\TEST.OBJ
E:\MyMaze\MyMaze\Debug\vc100.idb
E:\MYMAZE\MYMAZE\DEBUG\VC100.PDB
