生成启动时间为 2014/1/26 1:01:36。
     1>项目“E:\MyMaze\MyMaze\MyMaze.vcxproj”在节点 2 上(build 个目标)。
     1>InitializeBuildStatus:
         正在创建“Debug\MyMaze.unsuccessfulbuild”，因为已指定“AlwaysCreate”。
       ClCompile:
         D:\Program Files\Microsoft Visual Studio 10.0\VC\bin\CL.exe /c /ZI /nologo /W3 /WX- /Od /Oy- /D WIN32 /D _DEBUG /D _CONSOLE /D _UNICODE /D UNICODE /Gm /EHsc /RTC1 /MDd /GS /fp:precise /Zc:wchar_t /Zc:forScope /Fo"Debug\\" /Fd"Debug\vc100.pdb" /Gd /TP /analyze- /errorReport:prompt Maze.cpp
         Maze.cpp
       ManifestResourceCompile:
         所有输出均为最新。
       Link:
         D:\Program Files\Microsoft Visual Studio 10.0\VC\bin\link.exe /ERRORREPORT:PROMPT /OUT:"E:\MyMaze\Debug\MyMaze.exe" /INCREMENTAL /NOLOGO kernel32.lib user32.lib gdi32.lib winspool.lib comdlg32.lib advapi32.lib shell32.lib ole32.lib oleaut32.lib uuid.lib odbc32.lib odbccp32.lib /MANIFEST /ManifestFile:"Debug\MyMaze.exe.intermediate.manifest" /MANIFESTUAC:"level='asInvoker' uiAccess='false'" /DEBUG /PDB:"E:\MyMaze\Debug\MyMaze.pdb" /SUBSYSTEM:CONSOLE /TLBID:1 /DYNAMICBASE /NXCOMPAT /IMPLIB:"E:\MyMaze\Debug\MyMaze.lib" /MACHINE:X86 Debug\MyMaze.exe.embed.manifest.res
         Debug\Maze.obj
         Debug\test.obj
       Manifest:
         c:\Program Files\Microsoft SDKs\Windows\v7.0A\bin\mt.exe /nologo /verbose /out:"Debug\MyMaze.exe.embed.manifest" /manifest Debug\MyMaze.exe.intermediate.manifest
         所有输出均为最新。
       LinkEmbedManifest:
         所有输出均为最新。
         MyMaze.vcxproj -> E:\MyMaze\Debug\MyMaze.exe
       FinalizeBuildStatus:
         正在删除文件“Debug\MyMaze.unsuccessfulbuild”。
         正在对“Debug\MyMaze.lastbuildstate”执行 Touch 任务。
     1>已完成生成项目“E:\MyMaze\MyMaze\MyMaze.vcxproj”(build 个目标)的操作。

生成成功。

已用时间 00:00:02.88
